This is LuaHBTeX, Version 1.13.0 (MiKTeX 21.3) (format=lualatex 2025.10.31)  2 NOV 2025 11:36
 restricted system commands enabled.
**Buch.tex
(./Buch.tex
LaTeX2e <2020-10-01> patch level 4
Lua module: luaotfload 2021-01-08 3.17 Lua based OpenType font support
Lua module: lualibs 2020-12-30 2.73 ConTeXt Lua standard libraries.
Lua module: lualibs-extended 2020-12-30 2.73 ConTeXt Lua libraries -- extended c
ollection.
luaotfload | conf : Root cache directory is "C:/Users/stefa/AppData/Local/MiKTeX
/luatex-cache/generic/names".
luaotfload | init : Loading fontloader "fontloader-2021-01-07.lua" from kpse-res
olved path "C:/Users/stefa/AppData/Local/Programs/MiKTeX/tex/luatex/luaotfload/f
ontloader-2021-01-07.lua".
Lua-only attribute luaotfload@noligature = 1
Lua-only attribute luaotfload@syllabe = 2
luaotfload | init : Context OpenType loader version 0x1.8e76c8b439581p+1
Inserting `luaotfload.node_processor' at position 1 in `pre_linebreak_filter'.
Inserting `luaotfload.node_processor' at position 1 in `hpack_filter'.
Inserting `luaotfload.glyph_stream' at position 1 in `glyph_stream_provider'.
Inserting `luaotfload.define_font' at position 1 in `define_font'.
Lua-only attribute luaotfload_color_attribute = 3
luaotfload | conf : Root cache directory is "C:/Users/stefa/AppData/Local/MiKTeX
/luatex-cache/generic/names".
Inserting `luaotfload.harf.strip_prefix' at position 1 in `find_opentype_file'.
Inserting `luaotfload.harf.strip_prefix' at position 1 in `find_truetype_file'.
Inserting `luaotfload.harf.finalize_vlist' at position 1 in `post_linebreak_filt
er'.
Inserting `luaotfload.harf.finalize_hlist' at position 2 in `hpack_filter'.
Inserting `luaotfload.cleanup_files' at position 1 in `wrapup_run'.
Inserting `luaotfload.harf.finalize_unicode' at position 1 in `finish_pdffile'.
Inserting `luaotfload.glyphinfo' at position 1 in `glyph_info'.
Inserting `luaotfload.aux.set_sscale_dimens' at position 1 in `luaotfload.patch_
font'.
Inserting `luaotfload.aux.set_font_index' at position 2 in `luaotfload.patch_fon
t'.
Inserting `luaotfload.aux.patch_cambria_domh' at position 3 in `luaotfload.patch
_font'.
Inserting `luaotfload.aux.fixup_fontdata' at position 1 in `luaotfload.patch_fon
t_unsafe'.
Inserting `luaotfload.aux.set_capheight' at position 4 in `luaotfload.patch_font
'.
Inserting `luaotfload.aux.set_xheight' at position 5 in `luaotfload.patch_font'.
Inserting `luaotfload.rewrite_fontname' at position 6 in `luaotfload.patch_font'
. L3 programming layer <2021-05-11> (./svmono.cls
Document Class: svmono 2006/10/31 v4.17 
Springer Verlag global LaTeX document class for monographs
Class Springer-SVMono Info: extra/valid Springer sub-package 
(Springer-SVMono)           not found in option list - using "global" style.
(C:/Users/stefa/AppData/Local/Programs/MiKTeX/tex/latex/base/article.cls
Document Class: article 2020/04/10 v1.4m Standard LaTeX document class
(C:/Users/stefa/AppData/Local/Programs/MiKTeX/tex/latex/base/size10.clo
File: size10.clo 2020/04/10 v1.4m Standard LaTeX file (size option)
luaotfload | db : Font names database loaded from C:/Users/stefa/AppData/Local/M
iKTeX/luatex-cache/generic/names/luaotfload-names.luc)
\c@part=\count175
\c@section=\count176
\c@subsection=\count177
\c@subsubsection=\count178
\c@paragraph=\count179
\c@subparagraph=\count180
\c@figure=\count181
\c@table=\count182
\abovecaptionskip=\skip47
\belowcaptionskip=\skip48
\bibindent=\dimen138
)
\betweenumberspace=\dimen139
\headlineindent=\dimen140
\c@chapter=\count183
\chapstarthookwidth=\dimen141
\svitemindent=\dimen142
\verbatimindent=\dimen143
LaTeX Font Info:    Redeclaring math symbol \Gamma on input line 633.
LaTeX Font Info:    Redeclaring math symbol \Delta on input line 634.
LaTeX Font Info:    Redeclaring math symbol \Theta on input line 635.
LaTeX Font Info:    Redeclaring math symbol \Lambda on input line 636.
LaTeX Font Info:    Redeclaring math symbol \Xi on input line 637.
LaTeX Font Info:    Redeclaring math symbol \Pi on input line 638.
LaTeX Font Info:    Redeclaring math symbol \Sigma on input line 639.
LaTeX Font Info:    Redeclaring math symbol \Upsilon on input line 640.
LaTeX Font Info:    Redeclaring math symbol \Phi on input line 641.
LaTeX Font Info:    Redeclaring math symbol \Psi on input line 642.
LaTeX Font Info:    Redeclaring math symbol \Omega on input line 643.
\tocchpnum=\dimen144
\tocsecnum=\dimen145
\tocsectotal=\dimen146
\tocsubsecnum=\dimen147
\tocsubsectotal=\dimen148
\tocsubsubsecnum=\dimen149
\tocsubsubsectotal=\dimen150
\tocparanum=\dimen151
\tocparatotal=\dimen152
\tocsubparanum=\dimen153
\foot@parindent=\dimen154
\spthmsep=\dimen155
\c@theorem=\count184
\c@prob=\count185
\instindent=\dimen156
\figgap=\dimen157
\figcapgap=\dimen158
\tabcapgap=\dimen159
\c@merk=\count186
)
(C:/Users/stefa/AppData/Local/Programs/MiKTeX/tex/latex/base/makeidx.sty
Package: makeidx 2014/09/29 v1.0m Standard LaTeX package
)
(C:/Users/stefa/AppData/Local/Programs/MiKTeX/tex/latex/graphics/graphicx.sty
Package: graphicx 2020/09/09 v1.2b Enhanced LaTeX Graphics (DPC,SPQR)

(C:/Users/stefa/AppData/Local/Programs/MiKTeX/tex/latex/graphics/keyval.sty
Package: keyval 2014/10/28 v1.15 key=value parser (DPC)
\KV@toks@=\toks15
)
(C:/Users/stefa/AppData/Local/Programs/MiKTeX/tex/latex/graphics/graphics.sty
Package: graphics 2020/08/30 v1.4c Standard LaTeX Graphics (DPC,SPQR)

(C:/Users/stefa/AppData/Local/Programs/MiKTeX/tex/latex/graphics/trig.sty
Package: trig 2016/01/03 v1.10 sin cos tan (DPC)
)
(C:/Users/stefa/AppData/Local/Programs/MiKTeX/tex/latex/graphics-cfg/graphics.c
fg
File: graphics.cfg 2016/06/04 v1.11 sample graphics configuration
)
Package graphics Info: Driver file: luatex.def on input line 105.

(C:/Users/stefa/AppData/Local/Programs/MiKTeX/tex/latex/graphics-def/luatex.def
File: luatex.def 2020/10/05 v1.2a Graphics/color driver for luatex
))
\Gin@req@height=\dimen160
\Gin@req@width=\dimen161
)
(C:/Users/stefa/AppData/Local/Programs/MiKTeX/tex/latex/latex-tools/multicol.st
y
Package: multicol 2019/12/09 v1.8y multicolumn formatting (FMi)
\c@tracingmulticols=\count187
\mult@box=\box47
\multicol@leftmargin=\dimen162
\c@unbalance=\count188
\c@collectmore=\count189
\doublecol@number=\count190
\multicoltolerance=\count191
\multicolpretolerance=\count192
\full@width=\dimen163
\page@free=\dimen164
\premulticols=\dimen165
\postmulticols=\dimen166
\multicolsep=\skip49
\multicolbaselineskip=\skip50
\partial@page=\box48
\last@line=\box49
\maxbalancingoverflow=\dimen167
\mult@rightbox=\box50
\mult@grightbox=\box51
\mult@gfirstbox=\box52
\mult@firstbox=\box53
\@tempa=\box54
\@tempa=\box55
\@tempa=\box56
\@tempa=\box57
\@tempa=\box58
\@tempa=\box59
\@tempa=\box60
\@tempa=\box61
\@tempa=\box62
\@tempa=\box63
\@tempa=\box64
\@tempa=\box65
\@tempa=\box66
\@tempa=\box67
\@tempa=\box68
\@tempa=\box69
\@tempa=\box70
\@tempa=\box71
\@tempa=\box72
\@tempa=\box73
\@tempa=\box74
\@tempa=\box75
\@tempa=\box76
\@tempa=\box77
\@tempa=\box78
\@tempa=\box79
\@tempa=\box80
\@tempa=\box81
\@tempa=\box82
\@tempa=\box83
\@tempa=\box84
\@tempa=\box85
\@tempa=\box86
\@tempa=\box87
\@tempa=\box88
\@tempa=\box89
\@tempa=\box90
\c@minrows=\count193
\c@columnbadness=\count194
\c@finalcolumnbadness=\count195
\last@try=\dimen168
\multicolovershoot=\dimen169
\multicolundershoot=\dimen170
\mult@nat@firstbox=\box91
\colbreak@box=\box92
\mc@col@check@num=\count196
)
(C:/Users/stefa/AppData/Local/Programs/MiKTeX/tex/latex/footmisc/footmisc.sty
Package: footmisc 2011/06/06 v5.5b a miscellany of footnote facilities
\FN@temptoken=\toks16
\footnotemargin=\dimen171
\c@pp@next@reset=\count197
Package footmisc Info: Declaring symbol style bringhurst on input line 855.
Package footmisc Info: Declaring symbol style chicago on input line 863.
Package footmisc Info: Declaring symbol style wiley on input line 872.
Package footmisc Info: Declaring symbol style lamport-robust on input line 883.

Package footmisc Info: Declaring symbol style lamport* on input line 903.
Package footmisc Info: Declaring symbol style lamport*-robust on input line 924
.
)
(C:/Users/stefa/AppData/Local/Programs/MiKTeX/tex/generic/babel/babel.sty
Package: babel 2021/05/16 3.59 The Babel package

(C:/Users/stefa/AppData/Local/Programs/MiKTeX/tex/generic/babel/babel.def
File: babel.def 2021/05/16 3.59 Babel common definitions

(C:/Users/stefa/AppData/Local/Programs/MiKTeX/tex/generic/babel/luababel.def
\bbl@readstream=\read2
\l@afrikaans=\language2
Package babel Info: Non-standard hyphenation setup on input line 117.
\l@ancientgreek=\language3
\l@armenian=\language4
\l@assamese=\language5
\l@basque=\language6
\l@belarusian=\language7
\l@bengali=\language8
\l@bokmal=\language9
\l@bulgarian=\language10
\l@catalan=\language11
\l@churchslavonic=\language12
\l@classiclatin=\language13
\l@coptic=\language14
\l@croatian=\language15
\l@czech=\language16
\l@danish=\language17
\l@dutch=\language18
\l@esperanto=\language19
\l@estonian=\language20
\l@ethiopic=\language21
\l@finnish=\language22
\l@french=\language23
\l@friulan=\language24
\l@galician=\language25
\l@georgian=\language26
\l@german=\language27
\l@greek=\language28
\l@gujarati=\language29
\l@hindi=\language30
\l@hungarian=\language31
\l@icelandic=\language32
\l@indonesian=\language33
\l@interlingua=\language34
\l@irish=\language35
\l@italian=\language36
\l@kannada=\language37
\l@kurmanji=\language38
\l@latin=\language39
\l@latvian=\language40
\l@lithuanian=\language41
\l@liturgicallatin=\language42
\l@macedonian=\language43
\l@malayalam=\language44
\l@marathi=\language45
\l@mongolian=\language46
\l@mongolianlmc=\language47
\l@monogreek=\language48
\l@ngerman=\language49
\l@nynorsk=\language50
\l@occitan=\language51
\l@oriya=\language52
\l@pali=\language53
\l@panjabi=\language54
\l@piedmontese=\language55
\l@polish=\language56
\l@portuguese=\language57
\l@romanian=\language58
\l@romansh=\language59
\l@russian=\language60
\l@sanskrit=\language61
\l@serbian=\language62
\l@serbianc=\language63
\l@slovak=\language64
\l@slovenian=\language65
\l@spanish=\language66
\l@swedish=\language67
\l@swissgerman=\language68
\l@tamil=\language69
\l@telugu=\language70
\l@thai=\language71
\l@turkish=\language72
\l@turkmen=\language73
\l@ukenglish=\language74
\l@ukrainian=\language75
\l@uppersorbian=\language76
\l@usenglishmax=\language77
\l@welsh=\language78
\babelcatcodetablenum=\catcodetable12
\bbl@pattcodes=\catcodetable13
)
\babel@savecnt=\count198
\U@D=\dimen172
\l@unhyphenated=\language79

(C:/Users/stefa/AppData/Local/Programs/MiKTeX/tex/generic/babel/luababel.def
\bbl@attr@locale=\attribute4
))
*************************************
* Local config file bblopts.cfg used
*
(C:/Users/stefa/AppData/Local/Programs/MiKTeX/tex/latex/arabi/bblopts.cfg
File: bblopts.cfg 2005/09/08 v0.1 add Arabic and Farsi to "declared" options of
 babel
)
(C:/Users/stefa/AppData/Local/Programs/MiKTeX/tex/latex/babel-german/ngerman.ld
f
Language: ngerman 2021/02/27 v2.13 German support for babel (post-1996 orthogra
phy)

(C:/Users/stefa/AppData/Local/Programs/MiKTeX/tex/latex/babel-german/ngermanb.l
df
Language: ngermanb 2021/02/27 v2.13 German support for babel (post-1996 orthogr
aphy)
Package babel Info: Making " an active character on input line 122.

(C:/Users/stefa/AppData/Local/Programs/MiKTeX/tex/generic/hyph-utf8/loadhyph/lo
adhyph-de-1996.tex UTF-8 German hyphenation patterns (reformed orthography)
(C:/Users/stefa/AppData/Local/Programs/MiKTeX/tex/generic/hyph-utf8/patterns/te
x/hyph-de-1996.tex
German Hyphenation Patterns (Reformed Orthography, 2006) `dehyphn-x' 2021-02-26
 (WL))))))
(C:/Users/stefa/AppData/Local/Programs/MiKTeX/tex/latex/csquotes/csquotes.sty
Package: csquotes 2021-02-22 v5.2l context-sensitive quotations (JAW)

(C:/Users/stefa/AppData/Local/Programs/MiKTeX/tex/latex/etoolbox/etoolbox.sty
Package: etoolbox 2020/10/05 v2.5k e-TeX tools for LaTeX (JAW)
\etb@tempcnta=\count199
)
\csq@reset=\count266
\csq@gtype=\count267
\csq@glevel=\count268
\csq@qlevel=\count269
\csq@maxlvl=\count270
\csq@tshold=\count271
\csq@ltx@everypar=\toks17

(C:/Users/stefa/AppData/Local/Programs/MiKTeX/tex/latex/csquotes/csquotes.def
File: csquotes.def 2021-02-22 v5.2l csquotes generic definitions (JAW)
)
Package csquotes Info: Trying to load configuration file 'csquotes.cfg'...
Package csquotes Info: ... configuration file loaded successfully.

(C:/Users/stefa/AppData/Local/Programs/MiKTeX/tex/latex/csquotes/csquotes.cfg
File: csquotes.cfg 
)
Package csquotes Info: Option 'babel' depreciated.
(csquotes)             Using 'autostyle'.
Package csquotes Info: Enabling multilingual quotes.
Package csquotes Info: Redefining alias 'german' -> 'german/guillemets'.
) (C:/Users/stefa/AppData/Local/Programs/MiKTeX/tex/latex/biblatex/biblatex.sty
Package: biblatex 2020/12/31 v3.16 programmable bibliographies (PK/MW)

(C:/Users/stefa/AppData/Local/Programs/MiKTeX/tex/generic/pdftexcmds/pdftexcmds
.sty
Package: pdftexcmds 2020-06-27 v0.33 Utility functions of pdfTeX for LuaTeX (HO
)

(C:/Users/stefa/AppData/Local/Programs/MiKTeX/tex/generic/infwarerr/infwarerr.s
ty
Package: infwarerr 2019/12/03 v1.5 Providing info/warning/error messages (HO)
) (C:/Users/stefa/AppData/Local/Programs/MiKTeX/tex/generic/iftex/iftex.sty
Package: iftex 2020/03/06 v1.0d TeX engine tests
)
(C:/Users/stefa/AppData/Local/Programs/MiKTeX/tex/generic/ltxcmds/ltxcmds.sty
Package: ltxcmds 2020-05-10 v1.25 LaTeX kernel commands for general use (HO)
)
Package pdftexcmds Info: \pdf@primitive is available.
Package pdftexcmds Info: \pdf@ifprimitive is available.
Package pdftexcmds Info: \pdfdraftmode found.
\pdftexcmds@toks=\toks18
)
(C:/Users/stefa/AppData/Local/Programs/MiKTeX/tex/latex/kvoptions/kvoptions.sty
Package: kvoptions 2020-10-07 v3.14 Key value format for package options (HO)

(C:/Users/stefa/AppData/Local/Programs/MiKTeX/tex/generic/kvsetkeys/kvsetkeys.s
ty
Package: kvsetkeys 2019/12/15 v1.18 Key value parser (HO)
)) (C:/Users/stefa/AppData/Local/Programs/MiKTeX/tex/latex/logreq/logreq.sty
Package: logreq 2010/08/04 v1.0 xml request logger
\lrq@indent=\count272

(C:/Users/stefa/AppData/Local/Programs/MiKTeX/tex/latex/logreq/logreq.def
File: logreq.def 2010/08/04 v1.0 logreq spec v1.0
))
(C:/Users/stefa/AppData/Local/Programs/MiKTeX/tex/latex/base/ifthen.sty
Package: ifthen 2014/09/29 v1.1c Standard LaTeX ifthen package (DPC)
)
(C:/Users/stefa/AppData/Local/Programs/MiKTeX/tex/latex/url/url.sty
\Urlmuskip=\muskip16
Package: url 2013/09/16  ver 3.4  Verb mode for urls, etc.
)
\c@tabx@nest=\count273
\c@listtotal=\count274
\c@listcount=\count275
\c@liststart=\count276
\c@liststop=\count277
\c@citecount=\count278
\c@citetotal=\count279
\c@multicitecount=\count280
\c@multicitetotal=\count281
\c@instcount=\count282
\c@maxnames=\count283
\c@minnames=\count284
\c@maxitems=\count285
\c@minitems=\count286
\c@citecounter=\count287
\c@maxcitecounter=\count288
\c@savedcitecounter=\count289
\c@uniquelist=\count290
\c@uniquename=\count291
\c@refsection=\count292
\c@refsegment=\count293
\c@maxextratitle=\count294
\c@maxextratitleyear=\count295
\c@maxextraname=\count296
\c@maxextradate=\count297
\c@maxextraalpha=\count298
\c@abbrvpenalty=\count299
\c@highnamepenalty=\count300
\c@lownamepenalty=\count301
\c@maxparens=\count302
\c@parenlevel=\count303
\blx@tempcnta=\count304
\blx@tempcntb=\count305
\blx@tempcntc=\count306
\blx@maxsection=\count307
\blx@maxsegment@0=\count308
\blx@notetype=\count309
\blx@parenlevel@text=\count310
\blx@parenlevel@foot=\count311
\blx@sectionciteorder@0=\count312
\blx@entrysetcounter=\count313
\blx@biblioinstance=\count314
\labelnumberwidth=\skip51
\labelalphawidth=\skip52
\biblabelsep=\skip53
\bibitemsep=\skip54
\bibnamesep=\skip55
\bibinitsep=\skip56
\bibparsep=\skip57
\bibhang=\skip58
\blx@bcfin=\read3
\blx@bcfout=\write3
\blx@langwohyphens=\language80
\c@mincomprange=\count315
\c@maxcomprange=\count316
\c@mincompwidth=\count317
Package biblatex Info: Trying to load biblatex default data model...
Package biblatex Info: ... file 'blx-dm.def' found.

(C:/Users/stefa/AppData/Local/Programs/MiKTeX/tex/latex/biblatex/blx-dm.def
File: blx-dm.def 2020/12/31 v3.16 biblatex localization (PK/MW)
)
Package biblatex Info: Trying to load biblatex style data model...
Package biblatex Info: ... file 'authoryear.dbx' not found.
Package biblatex Info: Trying to load biblatex custom data model...
Package biblatex Info: ... file 'biblatex-dm.cfg' not found.
\c@afterword=\count318
\c@savedafterword=\count319
\c@annotator=\count320
\c@savedannotator=\count321
\c@author=\count322
\c@savedauthor=\count323
\c@bookauthor=\count324
\c@savedbookauthor=\count325
\c@commentator=\count326
\c@savedcommentator=\count327
\c@editor=\count328
\c@savededitor=\count329
\c@editora=\count330
\c@savededitora=\count331
\c@editorb=\count332
\c@savededitorb=\count333
\c@editorc=\count334
\c@savededitorc=\count335
\c@foreword=\count336
\c@savedforeword=\count337
\c@holder=\count338
\c@savedholder=\count339
\c@introduction=\count340
\c@savedintroduction=\count341
\c@namea=\count342
\c@savednamea=\count343
\c@nameb=\count344
\c@savednameb=\count345
\c@namec=\count346
\c@savednamec=\count347
\c@translator=\count348
\c@savedtranslator=\count349
\c@shortauthor=\count350
\c@savedshortauthor=\count351
\c@shorteditor=\count352
\c@savedshorteditor=\count353
\c@labelname=\count354
\c@savedlabelname=\count355
\c@institution=\count356
\c@savedinstitution=\count357
\c@lista=\count358
\c@savedlista=\count359
\c@listb=\count360
\c@savedlistb=\count361
\c@listc=\count362
\c@savedlistc=\count363
\c@listd=\count364
\c@savedlistd=\count365
\c@liste=\count366
\c@savedliste=\count367
\c@listf=\count368
\c@savedlistf=\count369
\c@location=\count370
\c@savedlocation=\count371
\c@organization=\count372
\c@savedorganization=\count373
\c@origlocation=\count374
\c@savedoriglocation=\count375
\c@origpublisher=\count376
\c@savedorigpublisher=\count377
\c@publisher=\count378
\c@savedpublisher=\count379
\c@language=\count380
\c@savedlanguage=\count381
\c@origlanguage=\count382
\c@savedoriglanguage=\count383
\c@pageref=\count384
\c@savedpageref=\count385
\shorthandwidth=\skip59
\shortjournalwidth=\skip60
\shortserieswidth=\skip61
\shorttitlewidth=\skip62
\shortauthorwidth=\skip63
\shorteditorwidth=\skip64
\locallabelnumberwidth=\skip65
\locallabelalphawidth=\skip66
\localshorthandwidth=\skip67
\localshortjournalwidth=\skip68
\localshortserieswidth=\skip69
\localshorttitlewidth=\skip70
\localshortauthorwidth=\skip71
\localshorteditorwidth=\skip72
Package biblatex Info: Trying to load enhanced support for Unicode engines...
Package biblatex Info: ... file 'blx-unicode.def' found.

(C:/Users/stefa/AppData/Local/Programs/MiKTeX/tex/latex/biblatex/blx-unicode.de
f)
Package biblatex Info: Trying to load compatibility code...
Package biblatex Info: ... file 'blx-compat.def' found.

(C:/Users/stefa/AppData/Local/Programs/MiKTeX/tex/latex/biblatex/blx-compat.def
File: blx-compat.def 2020/12/31 v3.16 biblatex compatibility (PK/MW)
)
Package biblatex Info: Trying to load BibTeX backend compatibility...
Package biblatex Info: ... file 'blx-bibtex.def' found.

(C:/Users/stefa/AppData/Local/Programs/MiKTeX/tex/latex/biblatex/blx-bibtex.def
File: blx-bibtex.def 2020/12/31 v3.16 biblatex compatibility (PK/MW)

Package biblatex Warning: Using fall-back BibTeX(8) backend:
(biblatex)                functionality may be reduced/unavailable.

)
Package biblatex Info: Trying to load generic definitions...
Package biblatex Info: ... file 'biblatex.def' found.
 (C:/Users/stefa/AppData/Local/Programs/MiKTeX/tex/latex/biblatex/biblatex.def
File: biblatex.def 2020/12/31 v3.16 biblatex compatibility (PK/MW)
\c@textcitecount=\count386
\c@textcitetotal=\count387
\c@textcitemaxnames=\count388
\c@biburlbigbreakpenalty=\count389
\c@biburlbreakpenalty=\count390
\c@biburlnumpenalty=\count391
\c@biburlucpenalty=\count392
\c@biburllcpenalty=\count393
\biburlbigskip=\muskip17
\biburlnumskip=\muskip18
\biburlucskip=\muskip19
\biburllcskip=\muskip20
\c@smartand=\count394
)
Package biblatex Info: Trying to load bibliography style 'authoryear'...
Package biblatex Info: ... file 'authoryear.bbx' found.

(C:/Users/stefa/AppData/Local/Programs/MiKTeX/tex/latex/biblatex/bbx/authoryear
.bbx
File: authoryear.bbx 2020/12/31 v3.16 biblatex bibliography style (PK/MW)
Package biblatex Info: Trying to load bibliography style 'standard'...
Package biblatex Info: ... file 'standard.bbx' found.

(C:/Users/stefa/AppData/Local/Programs/MiKTeX/tex/latex/biblatex/bbx/standard.b
bx
File: standard.bbx 2020/12/31 v3.16 biblatex bibliography style (PK/MW)
\c@bbx:relatedcount=\count395
\c@bbx:relatedtotal=\count396
))
Package biblatex Info: Trying to load citation style 'authoryear'...
Package biblatex Info: ... file 'authoryear.cbx' found.

(C:/Users/stefa/AppData/Local/Programs/MiKTeX/tex/latex/biblatex/cbx/authoryear
.cbx
File: authoryear.cbx 2020/12/31 v3.16 biblatex citation style (PK/MW)
Package biblatex Info: Redefining '\cite'.
Package biblatex Info: Redefining '\parencite'.
Package biblatex Info: Redefining '\footcite'.
Package biblatex Info: Redefining '\footcitetext'.
Package biblatex Info: Redefining '\smartcite'.
Package biblatex Info: Redefining '\textcite'.
Package biblatex Info: Redefining '\textcites'.
)
Package biblatex Info: Trying to load configuration file...
Package biblatex Info: ... file 'biblatex.cfg' found.

(C:/Users/stefa/AppData/Local/Programs/MiKTeX/tex/latex/biblatex/biblatex.cfg
File: biblatex.cfg 
)) (C:/Users/stefa/AppData/Local/Programs/MiKTeX/tex/latex/fontspec/fontspec.st
y
(C:/Users/stefa/AppData/Local/Programs/MiKTeX/tex/latex/l3packages/xparse/xpars
e.sty
(C:/Users/stefa/AppData/Local/Programs/MiKTeX/tex/latex/l3kernel/expl3.sty
Package: expl3 2021-05-11 L3 programming layer (loader) 

(C:/Users/stefa/AppData/Local/Programs/MiKTeX/tex/latex/l3backend/l3backend-lua
tex.def
File: l3backend-luatex.def 2021-05-07 L3 backend support: PDF output (LuaTeX)
\l__color_backend_stack_int=\count397
\l__pdf_internal_box=\box93
))
(C:/Users/stefa/AppData/Local/Programs/MiKTeX/tex/latex/l3packages/xparse/xpars
e-2020-10-01.sty
(C:/Users/stefa/AppData/Local/Programs/MiKTeX/tex/latex/l3packages/xparse/xpars
e-generic.tex)))
Package: fontspec 2020/02/21 v2.7i Font selection for XeLaTeX and LuaLaTeX
Lua module: fontspec 2020/02/21 2.7i Font selection for XeLaTeX and LuaLaTeX
(C:/Users/stefa/AppData/Local/Programs/MiKTeX/tex/latex/fontspec/fontspec-luate
x.sty
Package: fontspec-luatex 2020/02/21 v2.7i Font selection for XeLaTeX and LuaLaT
eX
\l__fontspec_script_int=\count398
\l__fontspec_language_int=\count399
\l__fontspec_strnum_int=\count400
\l__fontspec_tmp_int=\count401
\l__fontspec_tmpa_int=\count402
\l__fontspec_tmpb_int=\count403
\l__fontspec_tmpc_int=\count404
\l__fontspec_em_int=\count405
\l__fontspec_emdef_int=\count406
\l__fontspec_strong_int=\count407
\l__fontspec_strongdef_int=\count408
\l__fontspec_tmpa_dim=\dimen173
\l__fontspec_tmpb_dim=\dimen174
\l__fontspec_tmpc_dim=\dimen175
 (C:/Users/stefa/AppData/Local/Programs/MiKTeX/tex/latex/base/fontenc.sty
Package: fontenc 2020/08/10 v2.0s Standard LaTeX package
) (C:/Users/stefa/AppData/Local/Programs/MiKTeX/tex/latex/fontspec/fontspec.cfg
))) (C:/Users/stefa/AppData/Local/Programs/MiKTeX/tex/latex/xcolor/xcolor.sty
Package: xcolor 2016/05/11 v2.12 LaTeX color extensions (UK)

(C:/Users/stefa/AppData/Local/Programs/MiKTeX/tex/latex/graphics-cfg/color.cfg
File: color.cfg 2016/01/02 v1.6 sample color configuration
)
Package xcolor Info: Driver file: luatex.def on input line 225.
Package xcolor Info: Model `cmy' substituted by `cmy0' on input line 1348.
Package xcolor Info: Model `hsb' substituted by `rgb' on input line 1352.
Package xcolor Info: Model `RGB' extended on input line 1364.
Package xcolor Info: Model `HTML' substituted by `rgb' on input line 1366.
Package xcolor Info: Model `Hsb' substituted by `hsb' on input line 1367.
Package xcolor Info: Model `tHsb' substituted by `hsb' on input line 1368.
Package xcolor Info: Model `HSB' substituted by `hsb' on input line 1369.
Package xcolor Info: Model `Gray' substituted by `gray' on input line 1370.
Package xcolor Info: Model `wave' substituted by `hsb' on input line 1371.
)
(C:/Users/stefa/AppData/Local/Programs/MiKTeX/tex/latex/pgf/frontendlayer/tikz.
sty
(C:/Users/stefa/AppData/Local/Programs/MiKTeX/tex/latex/pgf/basiclayer/pgf.sty
(C:/Users/stefa/AppData/Local/Programs/MiKTeX/tex/latex/pgf/utilities/pgfrcs.st
y
(C:/Users/stefa/AppData/Local/Programs/MiKTeX/tex/generic/pgf/utilities/pgfutil
-common.tex
\pgfutil@everybye=\toks19
\pgfutil@tempdima=\dimen176
\pgfutil@tempdimb=\dimen177

(C:/Users/stefa/AppData/Local/Programs/MiKTeX/tex/generic/pgf/utilities/pgfutil
-common-lists.tex))
(C:/Users/stefa/AppData/Local/Programs/MiKTeX/tex/generic/pgf/utilities/pgfutil
-latex.def
\pgfutil@abb=\box94
)
(C:/Users/stefa/AppData/Local/Programs/MiKTeX/tex/generic/pgf/utilities/pgfrcs.
code.tex
(C:/Users/stefa/AppData/Local/Programs/MiKTeX/tex/generic/pgf/pgf.revision.tex)
Package: pgfrcs 2021/05/15 v3.1.9a (3.1.9a)
))
Package: pgf 2021/05/15 v3.1.9a (3.1.9a)

(C:/Users/stefa/AppData/Local/Programs/MiKTeX/tex/latex/pgf/basiclayer/pgfcore.
sty
(C:/Users/stefa/AppData/Local/Programs/MiKTeX/tex/latex/pgf/systemlayer/pgfsys.
sty
(C:/Users/stefa/AppData/Local/Programs/MiKTeX/tex/generic/pgf/systemlayer/pgfsy
s.code.tex
Package: pgfsys 2021/05/15 v3.1.9a (3.1.9a)

(C:/Users/stefa/AppData/Local/Programs/MiKTeX/tex/generic/pgf/utilities/pgfkeys
.code.tex
\pgfkeys@pathtoks=\toks20
\pgfkeys@temptoks=\toks21

(C:/Users/stefa/AppData/Local/Programs/MiKTeX/tex/generic/pgf/utilities/pgfkeys
filtered.code.tex
\pgfkeys@tmptoks=\toks22
))
\pgf@x=\dimen178
\pgf@y=\dimen179
\pgf@xa=\dimen180
\pgf@ya=\dimen181
\pgf@xb=\dimen182
\pgf@yb=\dimen183
\pgf@xc=\dimen184
\pgf@yc=\dimen185
\pgf@xd=\dimen186
\pgf@yd=\dimen187
\w@pgf@writea=\write4
\r@pgf@reada=\read4
\c@pgf@counta=\count409
\c@pgf@countb=\count410
\c@pgf@countc=\count411
\c@pgf@countd=\count412
\t@pgf@toka=\toks23
\t@pgf@tokb=\toks24
\t@pgf@tokc=\toks25
\pgf@sys@id@count=\count413

(C:/Users/stefa/AppData/Local/Programs/MiKTeX/tex/generic/pgf/systemlayer/pgf.c
fg
File: pgf.cfg 2021/05/15 v3.1.9a (3.1.9a)
)
Driver file for pgf: pgfsys-luatex.def

(C:/Users/stefa/AppData/Local/Programs/MiKTeX/tex/generic/pgf/systemlayer/pgfsy
s-luatex.def
File: pgfsys-luatex.def 2021/05/15 v3.1.9a (3.1.9a)

(C:/Users/stefa/AppData/Local/Programs/MiKTeX/tex/generic/pgf/systemlayer/pgfsy
s-common-pdf.def
File: pgfsys-common-pdf.def 2021/05/15 v3.1.9a (3.1.9a)
)))
(C:/Users/stefa/AppData/Local/Programs/MiKTeX/tex/generic/pgf/systemlayer/pgfsy
ssoftpath.code.tex
File: pgfsyssoftpath.code.tex 2021/05/15 v3.1.9a (3.1.9a)
\pgfsyssoftpath@smallbuffer@items=\count414
\pgfsyssoftpath@bigbuffer@items=\count415
)
(C:/Users/stefa/AppData/Local/Programs/MiKTeX/tex/generic/pgf/systemlayer/pgfsy
sprotocol.code.tex
File: pgfsysprotocol.code.tex 2021/05/15 v3.1.9a (3.1.9a)
))
(C:/Users/stefa/AppData/Local/Programs/MiKTeX/tex/generic/pgf/basiclayer/pgfcor
e.code.tex
Package: pgfcore 2021/05/15 v3.1.9a (3.1.9a)

(C:/Users/stefa/AppData/Local/Programs/MiKTeX/tex/generic/pgf/math/pgfmath.code
.tex
(C:/Users/stefa/AppData/Local/Programs/MiKTeX/tex/generic/pgf/math/pgfmathcalc.
code.tex
(C:/Users/stefa/AppData/Local/Programs/MiKTeX/tex/generic/pgf/math/pgfmathutil.
code.tex)
(C:/Users/stefa/AppData/Local/Programs/MiKTeX/tex/generic/pgf/math/pgfmathparse
r.code.tex
\pgfmath@dimen=\dimen188
\pgfmath@count=\count416
\pgfmath@box=\box95
\pgfmath@toks=\toks26
\pgfmath@stack@operand=\toks27
\pgfmath@stack@operation=\toks28
)
(C:/Users/stefa/AppData/Local/Programs/MiKTeX/tex/generic/pgf/math/pgfmathfunct
ions.code.tex
(C:/Users/stefa/AppData/Local/Programs/MiKTeX/tex/generic/pgf/math/pgfmathfunct
ions.basic.code.tex)
(C:/Users/stefa/AppData/Local/Programs/MiKTeX/tex/generic/pgf/math/pgfmathfunct
ions.trigonometric.code.tex)
(C:/Users/stefa/AppData/Local/Programs/MiKTeX/tex/generic/pgf/math/pgfmathfunct
ions.random.code.tex)
(C:/Users/stefa/AppData/Local/Programs/MiKTeX/tex/generic/pgf/math/pgfmathfunct
ions.comparison.code.tex)
(C:/Users/stefa/AppData/Local/Programs/MiKTeX/tex/generic/pgf/math/pgfmathfunct
ions.base.code.tex)
(C:/Users/stefa/AppData/Local/Programs/MiKTeX/tex/generic/pgf/math/pgfmathfunct
ions.round.code.tex)
(C:/Users/stefa/AppData/Local/Programs/MiKTeX/tex/generic/pgf/math/pgfmathfunct
ions.misc.code.tex)
(C:/Users/stefa/AppData/Local/Programs/MiKTeX/tex/generic/pgf/math/pgfmathfunct
ions.integerarithmetics.code.tex)))
(C:/Users/stefa/AppData/Local/Programs/MiKTeX/tex/generic/pgf/math/pgfmathfloat
.code.tex
\c@pgfmathroundto@lastzeros=\count417
))
(C:/Users/stefa/AppData/Local/Programs/MiKTeX/tex/generic/pgf/math/pgfint.code.
tex)
(C:/Users/stefa/AppData/Local/Programs/MiKTeX/tex/generic/pgf/basiclayer/pgfcor
epoints.code.tex
File: pgfcorepoints.code.tex 2021/05/15 v3.1.9a (3.1.9a)
\pgf@picminx=\dimen189
\pgf@picmaxx=\dimen190
\pgf@picminy=\dimen191
\pgf@picmaxy=\dimen192
\pgf@pathminx=\dimen193
\pgf@pathmaxx=\dimen194
\pgf@pathminy=\dimen195
\pgf@pathmaxy=\dimen196
\pgf@xx=\dimen197
\pgf@xy=\dimen198
\pgf@yx=\dimen199
\pgf@yy=\dimen256
\pgf@zx=\dimen257
\pgf@zy=\dimen258
)
(C:/Users/stefa/AppData/Local/Programs/MiKTeX/tex/generic/pgf/basiclayer/pgfcor
epathconstruct.code.tex
File: pgfcorepathconstruct.code.tex 2021/05/15 v3.1.9a (3.1.9a)
\pgf@path@lastx=\dimen259
\pgf@path@lasty=\dimen260
)
(C:/Users/stefa/AppData/Local/Programs/MiKTeX/tex/generic/pgf/basiclayer/pgfcor
epathusage.code.tex
File: pgfcorepathusage.code.tex 2021/05/15 v3.1.9a (3.1.9a)
\pgf@shorten@end@additional=\dimen261
\pgf@shorten@start@additional=\dimen262
)
(C:/Users/stefa/AppData/Local/Programs/MiKTeX/tex/generic/pgf/basiclayer/pgfcor
escopes.code.tex
File: pgfcorescopes.code.tex 2021/05/15 v3.1.9a (3.1.9a)
\pgfpic=\box96
\pgf@hbox=\box97
\pgf@layerbox@main=\box98
\pgf@picture@serial@count=\count418
)
(C:/Users/stefa/AppData/Local/Programs/MiKTeX/tex/generic/pgf/basiclayer/pgfcor
egraphicstate.code.tex
File: pgfcoregraphicstate.code.tex 2021/05/15 v3.1.9a (3.1.9a)
\pgflinewidth=\dimen263
)
(C:/Users/stefa/AppData/Local/Programs/MiKTeX/tex/generic/pgf/basiclayer/pgfcor
etransformations.code.tex
File: pgfcoretransformations.code.tex 2021/05/15 v3.1.9a (3.1.9a)
\pgf@pt@x=\dimen264
\pgf@pt@y=\dimen265
\pgf@pt@temp=\dimen266
)
(C:/Users/stefa/AppData/Local/Programs/MiKTeX/tex/generic/pgf/basiclayer/pgfcor
equick.code.tex
File: pgfcorequick.code.tex 2021/05/15 v3.1.9a (3.1.9a)
)
(C:/Users/stefa/AppData/Local/Programs/MiKTeX/tex/generic/pgf/basiclayer/pgfcor
eobjects.code.tex
File: pgfcoreobjects.code.tex 2021/05/15 v3.1.9a (3.1.9a)
)
(C:/Users/stefa/AppData/Local/Programs/MiKTeX/tex/generic/pgf/basiclayer/pgfcor
epathprocessing.code.tex
File: pgfcorepathprocessing.code.tex 2021/05/15 v3.1.9a (3.1.9a)
)
(C:/Users/stefa/AppData/Local/Programs/MiKTeX/tex/generic/pgf/basiclayer/pgfcor
earrows.code.tex
File: pgfcorearrows.code.tex 2021/05/15 v3.1.9a (3.1.9a)
\pgfarrowsep=\dimen267
)
(C:/Users/stefa/AppData/Local/Programs/MiKTeX/tex/generic/pgf/basiclayer/pgfcor
eshade.code.tex
File: pgfcoreshade.code.tex 2021/05/15 v3.1.9a (3.1.9a)
\pgf@max=\dimen268
\pgf@sys@shading@range@num=\count419
\pgf@shadingcount=\count420
)
(C:/Users/stefa/AppData/Local/Programs/MiKTeX/tex/generic/pgf/basiclayer/pgfcor
eimage.code.tex
File: pgfcoreimage.code.tex 2021/05/15 v3.1.9a (3.1.9a)

(C:/Users/stefa/AppData/Local/Programs/MiKTeX/tex/generic/pgf/basiclayer/pgfcor
eexternal.code.tex
File: pgfcoreexternal.code.tex 2021/05/15 v3.1.9a (3.1.9a)
\pgfexternal@startupbox=\box99
))
(C:/Users/stefa/AppData/Local/Programs/MiKTeX/tex/generic/pgf/basiclayer/pgfcor
elayers.code.tex
File: pgfcorelayers.code.tex 2021/05/15 v3.1.9a (3.1.9a)
)
(C:/Users/stefa/AppData/Local/Programs/MiKTeX/tex/generic/pgf/basiclayer/pgfcor
etransparency.code.tex
File: pgfcoretransparency.code.tex 2021/05/15 v3.1.9a (3.1.9a)
)
(C:/Users/stefa/AppData/Local/Programs/MiKTeX/tex/generic/pgf/basiclayer/pgfcor
epatterns.code.tex
File: pgfcorepatterns.code.tex 2021/05/15 v3.1.9a (3.1.9a)
)
(C:/Users/stefa/AppData/Local/Programs/MiKTeX/tex/generic/pgf/basiclayer/pgfcor
erdf.code.tex
File: pgfcorerdf.code.tex 2021/05/15 v3.1.9a (3.1.9a)
)))
(C:/Users/stefa/AppData/Local/Programs/MiKTeX/tex/generic/pgf/modules/pgfmodule
shapes.code.tex
File: pgfmoduleshapes.code.tex 2021/05/15 v3.1.9a (3.1.9a)
\pgfnodeparttextbox=\box100
)
(C:/Users/stefa/AppData/Local/Programs/MiKTeX/tex/generic/pgf/modules/pgfmodule
plot.code.tex
File: pgfmoduleplot.code.tex 2021/05/15 v3.1.9a (3.1.9a)
)
(C:/Users/stefa/AppData/Local/Programs/MiKTeX/tex/latex/pgf/compatibility/pgfco
mp-version-0-65.sty
Package: pgfcomp-version-0-65 2021/05/15 v3.1.9a (3.1.9a)
\pgf@nodesepstart=\dimen269
\pgf@nodesepend=\dimen270
)
(C:/Users/stefa/AppData/Local/Programs/MiKTeX/tex/latex/pgf/compatibility/pgfco
mp-version-1-18.sty
Package: pgfcomp-version-1-18 2021/05/15 v3.1.9a (3.1.9a)
))
(C:/Users/stefa/AppData/Local/Programs/MiKTeX/tex/latex/pgf/utilities/pgffor.st
y
(C:/Users/stefa/AppData/Local/Programs/MiKTeX/tex/latex/pgf/utilities/pgfkeys.s
ty
(C:/Users/stefa/AppData/Local/Programs/MiKTeX/tex/generic/pgf/utilities/pgfkeys
.code.tex))
(C:/Users/stefa/AppData/Local/Programs/MiKTeX/tex/latex/pgf/math/pgfmath.sty
(C:/Users/stefa/AppData/Local/Programs/MiKTeX/tex/generic/pgf/math/pgfmath.code
.tex))
(C:/Users/stefa/AppData/Local/Programs/MiKTeX/tex/generic/pgf/utilities/pgffor.
code.tex
Package: pgffor 2021/05/15 v3.1.9a (3.1.9a)

(C:/Users/stefa/AppData/Local/Programs/MiKTeX/tex/generic/pgf/math/pgfmath.code
.tex)
\pgffor@iter=\dimen271
\pgffor@skip=\dimen272
\pgffor@stack=\toks29
\pgffor@toks=\toks30
))
(C:/Users/stefa/AppData/Local/Programs/MiKTeX/tex/generic/pgf/frontendlayer/tik
z/tikz.code.tex
Package: tikz 2021/05/15 v3.1.9a (3.1.9a)

(C:/Users/stefa/AppData/Local/Programs/MiKTeX/tex/generic/pgf/libraries/pgflibr
aryplothandlers.code.tex
File: pgflibraryplothandlers.code.tex 2021/05/15 v3.1.9a (3.1.9a)
\pgf@plot@mark@count=\count421
\pgfplotmarksize=\dimen273
)
\tikz@lastx=\dimen274
\tikz@lasty=\dimen275
\tikz@lastxsaved=\dimen276
\tikz@lastysaved=\dimen277
\tikz@lastmovetox=\dimen278
\tikz@lastmovetoy=\dimen279
\tikzleveldistance=\dimen280
\tikzsiblingdistance=\dimen281
\tikz@figbox=\box101
\tikz@figbox@bg=\box102
\tikz@tempbox=\box103
\tikz@tempbox@bg=\box104
\tikztreelevel=\count422
\tikznumberofchildren=\count423
\tikznumberofcurrentchild=\count424
\tikz@fig@count=\count425

(C:/Users/stefa/AppData/Local/Programs/MiKTeX/tex/generic/pgf/modules/pgfmodule
matrix.code.tex
File: pgfmodulematrix.code.tex 2021/05/15 v3.1.9a (3.1.9a)
\pgfmatrixcurrentrow=\count426
\pgfmatrixcurrentcolumn=\count427
\pgf@matrix@numberofcolumns=\count428
)
\tikz@expandcount=\count429

(C:/Users/stefa/AppData/Local/Programs/MiKTeX/tex/generic/pgf/frontendlayer/tik
z/libraries/tikzlibrarytopaths.code.tex
File: tikzlibrarytopaths.code.tex 2021/05/15 v3.1.9a (3.1.9a)
)))
(C:/Users/stefa/AppData/Local/Programs/MiKTeX/tex/generic/pgf/frontendlayer/tik
z/libraries/tikzlibrarycalc.code.tex
File: tikzlibrarycalc.code.tex 2021/05/15 v3.1.9a (3.1.9a)
)
(C:/Users/stefa/AppData/Local/Programs/MiKTeX/tex/generic/pgf/frontendlayer/tik
z/libraries/tikzlibrarymatrix.code.tex
File: tikzlibrarymatrix.code.tex 2021/05/15 v3.1.9a (3.1.9a)
)
\@indexfile=\write5

\openout5 = Buch.idx

Writing index file Buch.idx
Package csquotes Info: Checking for multilingual support...
Package csquotes Info: ... found 'babel' package.
(./Buch.aux (./dedic.aux) (./pref.aux) (./Teil_I.aux) (./Kapitel_1_1.aux)
(./Kapitel_1_2.aux) (./Kapitel_1_3.aux) (./Teil_II.aux) (./Kapitel_2_1.aux)
(./Kapitel_2_2.aux) (./Kapitel_2_3.aux) (./Teil_III.aux) (./Kapitel_3_1.aux)
(./Kapitel_3_2.aux) (./Kapitel_2_4.aux) (./Kapitel_3_4.aux) (./Kapitel_3_6.aux) (./Kapitel_3_7.aux) (./Teil_IV.aux) (./Kapitel_3_5.aux) (./Kapitel_4_1a.aux)
(./Kapitel_4_1.aux) (./Kapitel_4_4.aux) (./Teil_IV_A.aux) (./Kapitel_5_2b.aux)
(./Kapitel_5_2a.aux) (./Teil_V.aux) (./Kapitel_5_1.aux) (./Kapitel_5_1a.aux)
(./Kapitel_5_1b.aux) (./Kapitel_Neoliberal.aux) (./Kapitel_5_3.aux)
(./Kapitel_4_6.aux) (./Teil_VI.aux) (./Kapitel_4_5.aux) (./Kapitel_6_2.aux)
(./Kapitel_6_3.aux) (./Kapitel_6_4.aux) (./Kapitel_6_6.aux) (./Kapitel_6_7.aux))

\openout1 = Buch.aux
LaTeX Font Info:    Checking defaults for OML/cmm/m/it on input line 44.
LaTeX Font Info:    ... okay on input line 44.
LaTeX Font Info:    Checking defaults for OMS/cmsy/m/n on input line 44.
LaTeX Font Info:    ... okay on input line 44.
LaTeX Font Info:    Checking defaults for OT1/cmr/m/n on input line 44.
LaTeX Font Info:    ... okay on input line 44.
LaTeX Font Info:    Checking defaults for T1/cmr/m/n on input line 44.
LaTeX Font Info:    ... okay on input line 44.
LaTeX Font Info:    Checking defaults for TS1/cmr/m/n on input line 44.
LaTeX Font Info:    Trying to load font information for TS1+cmr on input line 4
4.
 (C:/Users/stefa/AppData/Local/Programs/MiKTeX/tex/latex/base/ts1cmr.fd
File: ts1cmr.fd 2019/12/16 v2.5j Standard LaTeX font definitions
)
LaTeX Font Info:    ... okay on input line 44.
LaTeX Font Info:    Checking defaults for TU/lmr/m/n on input line 44.
LaTeX Font Info:    ... okay on input line 44.
LaTeX Font Info:    Checking defaults for OMX/cmex/m/n on input line 44.
LaTeX Font Info:    ... okay on input line 44.
LaTeX Font Info:    Checking defaults for U/cmr/m/n on input line 44.
LaTeX Font Info:    ... okay on input line 44.

(C:/Users/stefa/AppData/Local/Programs/MiKTeX/tex/context/base/mkii/supp-pdf.mk
ii
[Loading MPS to PDF converter (version 2006.09.02).]
\scratchcounter=\count430
\scratchdimen=\dimen282
\scratchbox=\box105
\nofMPsegments=\count431
\nofMParguments=\count432
\everyMPshowfont=\toks31
\MPscratchCnt=\count433
\MPscratchDim=\dimen283
\MPnumerator=\count434
\makeMPintoPDFobject=\count435
\everyMPtoPDFconversion=\toks32
)
(C:/Users/stefa/AppData/Local/Programs/MiKTeX/tex/latex/epstopdf-pkg/epstopdf-b
ase.sty
Package: epstopdf-base 2020-01-24 v2.11 Base part for package epstopdf
Package epstopdf-base Info: Redefining graphics rule for `.eps' on input line 4
85.

(C:/Users/stefa/AppData/Local/Programs/MiKTeX/tex/latex/00miktex/epstopdf-sys.c
fg
File: epstopdf-sys.cfg 2021/03/18 v2.0 Configuration of epstopdf for MiKTeX
))
Package biblatex Info: Trying to load language 'ngerman'...
Package biblatex Info: ... file 'ngerman.lbx' found.

(C:/Users/stefa/AppData/Local/Programs/MiKTeX/tex/latex/biblatex/lbx/ngerman.lb
x
File: ngerman.lbx 2020/12/31 v3.16 biblatex localization (PK/MW)
Package biblatex Info: Trying to load language 'german'...
Package biblatex Info: ... file 'german.lbx' found.

(C:/Users/stefa/AppData/Local/Programs/MiKTeX/tex/latex/biblatex/lbx/german.lbx
File: german.lbx 2020/12/31 v3.16 biblatex localization (PK/MW)
)
Package biblatex Info: Trying to load language 'german'...
Package biblatex Info: ... file 'german.lbx' found.

(C:/Users/stefa/AppData/Local/Programs/MiKTeX/tex/latex/biblatex/lbx/german.lbx
File: german.lbx 2020/12/31 v3.16 biblatex localization (PK/MW)
))
Package biblatex Info: LuaTeX detected.
(biblatex)             Assuming input encoding 'utf8'.
Package biblatex Info: Automatic encoding selection.
(biblatex)             Assuming data encoding 'utf8'.
Package biblatex Info: Input encoding 'utf8' specified.
Package biblatex Info: Data encoding 'utf8' specified.
(biblatex)             No need to reencode data.
Package biblatex Info: Document encoding is UTF8 ....
Package biblatex Info: ... and expl3
(biblatex)             2021-05-11 L3 programming layer (loader) 
(biblatex)             is new enough (at least 2020/04/06),
(biblatex)             setting 'casechanger=expl3'.

(C:/Users/stefa/AppData/Local/Programs/MiKTeX/tex/latex/biblatex/blx-case-expl3
.sty
Package: blx-case-expl3 2020/12/31 v3.16 expl3 case changing code for biblatex
)
\openout3 = Buch-blx.bib

Package biblatex Info: Trying to load bibliographic data...
Package biblatex Info: ... file 'Buch.bbl' found.
 (./Buch.bbl)
Package biblatex Info: Reference section=0 on input line 44.
Package biblatex Info: Reference segment=0 on input line 44.

Package fontspec Info: Adjusting the maths setup (use [no-math] to avoid
(fontspec)             this).

\symlegacymaths=\mathgroup4
LaTeX Font Info:    Overwriting symbol font `legacymaths' in version `bold'
(Font)                  OT1/cmr/m/n --> OT1/cmr/bx/n on input line 44.
LaTeX Font Info:    Redeclaring math accent \acute on input line 44.
LaTeX Font Info:    Redeclaring math accent \grave on input line 44.
LaTeX Font Info:    Redeclaring math accent \ddot on input line 44.
LaTeX Font Info:    Redeclaring math accent \tilde on input line 44.
LaTeX Font Info:    Redeclaring math accent \bar on input line 44.
LaTeX Font Info:    Redeclaring math accent \breve on input line 44.
LaTeX Font Info:    Redeclaring math accent \check on input line 44.
LaTeX Font Info:    Redeclaring math accent \hat on input line 44.
LaTeX Font Info:    Redeclaring math accent \dot on input line 44.
LaTeX Font Info:    Redeclaring math accent \mathring on input line 44.
LaTeX Font Info:    Redeclaring math symbol \colon on input line 44.
LaTeX Font Info:    Redeclaring math symbol \Gamma on input line 44.
LaTeX Font Info:    Redeclaring math symbol \Delta on input line 44.
LaTeX Font Info:    Redeclaring math symbol \Theta on input line 44.
LaTeX Font Info:    Redeclaring math symbol \Lambda on input line 44.
LaTeX Font Info:    Redeclaring math symbol \Xi on input line 44.
LaTeX Font Info:    Redeclaring math symbol \Pi on input line 44.
LaTeX Font Info:    Redeclaring math symbol \Sigma on input line 44.
LaTeX Font Info:    Redeclaring math symbol \Upsilon on input line 44.
LaTeX Font Info:    Redeclaring math symbol \Phi on input line 44.
LaTeX Font Info:    Redeclaring math symbol \Psi on input line 44.
LaTeX Font Info:    Redeclaring math symbol \Omega on input line 44.
LaTeX Font Info:    Redeclaring math symbol \mathdollar on input line 44.
LaTeX Font Info:    Redeclaring symbol font `operators' on input line 44.
LaTeX Font Info:    Encoding `OT1' has changed to `TU' for symbol font
(Font)              `operators' in the math version `normal' on input line 44.
LaTeX Font Info:    Overwriting symbol font `operators' in version `normal'
(Font)                  OT1/cmr/m/n --> TU/lmr/m/n on input line 44.
LaTeX Font Info:    Encoding `OT1' has changed to `TU' for symbol font
(Font)              `operators' in the math version `bold' on input line 44.
LaTeX Font Info:    Overwriting symbol font `operators' in version `bold'
(Font)                  OT1/cmr/bx/n --> TU/lmr/m/n on input line 44.
LaTeX Font Info:    Overwriting symbol font `operators' in version `normal'
(Font)                  TU/lmr/m/n --> TU/lmr/m/n on input line 44.
LaTeX Font Info:    Overwriting math alphabet `\mathit' in version `normal'
(Font)                  OT1/cmr/m/it --> TU/lmr/m/it on input line 44.
LaTeX Font Info:    Overwriting math alphabet `\mathbf' in version `normal'
(Font)                  OT1/cmr/bx/n --> TU/lmr/b/n on input line 44.
LaTeX Font Info:    Overwriting math alphabet `\mathsf' in version `normal'
(Font)                  OT1/cmss/m/n --> TU/lmss/m/n on input line 44.
LaTeX Font Info:    Overwriting math alphabet `\mathtt' in version `normal'
(Font)                  OT1/cmtt/m/n --> TU/lmtt/m/n on input line 44.
LaTeX Font Info:    Overwriting symbol font `operators' in version `bold'
(Font)                  TU/lmr/m/n --> TU/lmr/b/n on input line 44.
LaTeX Font Info:    Overwriting math alphabet `\mathit' in version `bold'
(Font)                  OT1/cmr/bx/it --> TU/lmr/b/it on input line 44.
LaTeX Font Info:    Overwriting math alphabet `\mathsf' in version `bold'
(Font)                  OT1/cmss/bx/n --> TU/lmss/b/n on input line 44.
LaTeX Font Info:    Overwriting math alphabet `\mathtt' in version `bold'
(Font)                  OT1/cmtt/m/n --> TU/lmtt/b/n on input line 44.
 [1

{C:/Users/stefa/AppData/Local/MiKTeX/pdftex/config/pdftex.map}] [2


]
\openout2 = dedic.aux
 (./dedic.tex) [5

]
\openout2 = pref.aux
 (./pref.tex [6





]
LaTeX Font Info:    External font `cmex10' loaded for size
(Font)              <7> on input line 10.
LaTeX Font Info:    External font `cmex10' loaded for size
(Font)              <5> on input line 10.
 [7] [8]) [9] [10




] (./Buch.toc
[11] [12] [13] [14])
\tf@toc=\write6

\openout6 = Buch.toc
 [15] [16


]
\openout2 = Teil_I.aux
 (./Teil_I.tex [1



] [2])
\openout2 = Kapitel_1_1.aux
 (./Kapitel_1_1.tex
Kapitel 1.
) [3





]
\openout2 = Kapitel_1_2.aux
 (./Kapitel_1_2.tex [4





]
Kapitel 2.
) [5]
\openout2 = Kapitel_1_3.aux
 (./Kapitel_1_3.tex [6





]
Kapitel 3.
) [7]
\openout2 = Teil_II.aux
 (./Teil_II.tex [8





] [9] [10]
LaTeX Font Info:    External font `cmex10' loaded for size
(Font)              <9> on input line 14.
LaTeX Font Info:    External font `cmex10' loaded for size
(Font)              <6> on input line 14.
 [11]) [12]
\openout2 = Kapitel_2_1.aux
 (./Kapitel_2_1.tex
Kapitel 4.
[13





] [14] [15] [16] [17] [18] [19] [20] [21] [22] [23] [24]) [25] [26]
\openout2 = Kapitel_2_2.aux

(./Kapitel_2_2.tex
Kapitel 5.
[27





] [28] [29] [30] [31] [32] [33] [34] [35]) [36] [37]
\openout2 = Kapitel_2_3.aux
 (./Kapitel_2_3.tex
[38





]
Kapitel 6.
[39] [40] [41] [42] [43] [44]
Overfull \hbox (12.07457pt too wide) has occurred while \output is active
 \TU/lmr/m/n/9 6.2 Ed-ge-worth und Pa-re-to: Die Lö-sung des Nut-zen-pro-blems,
 die bis heu-te hinkt []
 []

[45] [46]
Overfull \hbox (12.07457pt too wide) has occurred while \output is active
 \TU/lmr/m/n/9 6.2 Ed-ge-worth und Pa-re-to: Die Lö-sung des Nut-zen-pro-blems,
 die bis heu-te hinkt []
 []

[47] [48] [49] [50] [51] [52]
Overfull \hbox (6.14pt too wide) in paragraph at lines 87--88
[]\TU/lmr/m/n/10 Sein Er-klä-rungs-an-satz zur „Gre-at De-pres-si-on“, die 
„Debt-Deflation-Theory“
 []

[53] [54] [55] [56] [57]) [58]
\openout2 = Teil_III.aux
 (./Teil_III.tex [59





] [60] [61]) [62]
\openout2 = Kapitel_3_1.aux

(./Kapitel_3_1.tex
Kapitel 7.
[63





] [64] [65] [66] [67] [68] [69] [70] [71] [72] [73]
Underfull \hbox (badness 10000) in paragraph at lines 49--54

 []

[74] [75] [76]) [77]
\openout2 = Kapitel_3_2.aux
 (./Kapitel_3_2.tex [78





]
Kapitel 8.
[79] [80] [81] [82]
Overfull \hbox (13.40001pt too wide) in paragraph at lines 39--40
[]\TU/lmr/m/n/10 Aus den bei-den letzt-ge-nann-ten Glei-chun-gen lei-tet []Hicks
 (1937) die Investition-
 []

[83] [84] [85] [86] [87] [88]
Overfull \hbox (9.32999pt too wide) in paragraph at lines 60--61
[]\TU/lmr/m/n/10 Die Er-wei-te-rung des IS-LM-Modells um den Phillips-Kurven-Zus
ammenhang
 []

[89] [90]) [91]
\openout2 = Kapitel_2_4.aux
 (./Kapitel_2_4.tex [92





]
Kapitel 9.
[93]
Overfull \hbox (19.62999pt too wide) in paragraph at lines 22--23
\TU/lmr/m/n/10 Adam Smith die Neo-klas-sik präg-te, näm-lich, dass individuell
-nutzenmaximierendes
 []

[94] [95] [96] [97] [98] [99] [100] [101] [102]
Overfull \hbox (3.12552pt too wide) has occurred while \output is active
 \TU/lmr/m/n/9 9.3 Bäu-me, die in den Him-mel wach-sen: Die Neo-klas-si-sche Wa
chs-tums-theo-rie []
 []

[103] [104]
Overfull \hbox (3.12552pt too wide) has occurred while \output is active
 \TU/lmr/m/n/9 9.3 Bäu-me, die in den Him-mel wach-sen: Die Neo-klas-si-sche Wa
chs-tums-theo-rie []
 []

[105] [106]
Overfull \hbox (3.12552pt too wide) has occurred while \output is active
 \TU/lmr/m/n/9 9.3 Bäu-me, die in den Him-mel wach-sen: Die Neo-klas-si-sche Wa
chs-tums-theo-rie []
 []

[107] [108]
Overfull \hbox (3.12552pt too wide) has occurred while \output is active
 \TU/lmr/m/n/9 9.3 Bäu-me, die in den Him-mel wach-sen: Die Neo-klas-si-sche Wa
chs-tums-theo-rie []
 []

[109] [110] [111] [112]
Overfull \hbox (6.77002pt too wide) in paragraph at lines 129--130
\TU/lmr/m/n/10 McKenzie-Modell“. Meist wird es nur als „Arrow-Debreu-Gleichg
ewichtsmodell“
 []

[113] [114] [115]) [116]
\openout2 = Kapitel_3_4.aux
 (./Kapitel_3_4.tex
Kapitel 10.
[117





] [118] [119] [120] [121] [122] [123] [124] [125]) [126]
\openout2 = Kapitel_3_6.aux
 (./Kapitel_3_6.tex
Kapitel 11.
[127





] [128] [129] [130] [131] [132] [133] [134] [135] [136] [137] [138]
[139] [140] [141] [142] [143] [144]) [145]
\openout2 = Kapitel_3_7.aux
 (./Kapitel_3_7.tex [146





]
Kapitel 12.
[147] [148] [149] [150] [151] [152] [153] [154] [155]
Overfull \hbox (3.62pt too wide) in paragraph at lines 70--71
[]\TU/lmr/m/n/10 Rein-hard Sel-ten, bis heu-te der ein-zi-ge deut-sche Ökonomie
-Nobelpreisträger,
 []

[156] [157] [158] [159] [160]) [161] [162]
\openout2 = Teil_IV.aux
 (./Teil_IV.tex [163





] [164] [165]
[166]) [167]
\openout2 = Kapitel_3_5.aux
 (./Kapitel_3_5.tex [168





]
Kapitel 13.
[169] [170] [171] [172] [173] [174] [175] [176] [177] [178] [179] [180]
[181] [182] [183] [184] [185] [186] [187] [188] [189] [190] [191] [192]
[193] [194]) [195]
\openout2 = Kapitel_4_1a.aux
 (./Kapitel_4_1a.tex [196





]
Kapitel 14.
[197] [198] [199] [200] [201] [202] [203] [204] [205] [206] [207] [208]
[209] [210] [211] [212] [213] [214] [215] [216] [217]
Overfull \hbox (3.02pt too wide) in paragraph at lines 80--81
\TU/lmr/m/n/10 ana-ly-siert, zu-sam-men-ge-fasst und em-pi-risch un-ter-sucht. 
Er kam zu dem Schluss,
 []

[218]) [219] [220] [221]
\openout2 = Kapitel_4_1.aux
 (./Kapitel_4_1.tex [222





]
Kapitel 15.
[223] [224]
Overfull \hbox (21.17pt too wide) in paragraph at lines 29--30
\TU/lmr/m/n/10 Man fin-det wohl kaum ei-nen Na-men, der den Über-gang zum „Ne
u-Keynesianismus“
 []

[225] [226] [227] [228] [229] [230] [231] [232] [233] [234] [235] [236]
[237] [238] [239]
Overfull \hbox (4.88pt too wide) in paragraph at lines 134--135
[]\TU/lmr/m/n/10 Au-ßer-dem gibt es, vier-tens, das nicht-rationale, Soziologis
che- oder Fairness-
 []

[240] [241] [242] [243] [244] [245] [246] [247] [248] [249]
Overfull \hbox (25.59999pt too wide) in paragraph at lines 178--182
[]\TU/lmr/m/n/10 Die An-fän-ge „Mo-no-po-lis-ti-sche Kon-kur-renz“ in ma-kr
o-öko-no-mi-schen Mainstream-
 []

[250] [251] [252] [253] [254] [255] [256]) [257]
\openout2 = Kapitel_4_4.aux
 (./Kapitel_4_4.tex [258





]
Kapitel 16.
[259] [260]
Overfull \hbox (11.18004pt too wide) in paragraph at lines 22--23
\TU/lmr/m/n/10 formal-mathematischen Real-Business-Cycle-Gleichgewichtsmodelle 
mit Ele-
 []


Overfull \hbox (4.72658pt too wide) in paragraph at lines 31--32
\TU/lmr/m/n/10 Modellen ([]Ga-li 2015, S. 5). Kon-kret wur-de das ma-the-ma-ti-s
che RBC-Framework
 []


Overfull \hbox (20.97548pt too wide) has occurred while \output is active
 \TU/lmr/m/n/9 16.1 DS-GE: Die Zweck-ehe zwi-schen „Neu-en Klas-si-kern“ und
 „Neu-Keynesianern“ []
 []

[261]
Overfull \hbox (18.58002pt too wide) in paragraph at lines 38--39
[]\TU/lmr/m/n/10 Die Kom-bi-na-ti-on der „Neu-Keynesianischen“ Ideen mit dem
 „Neu-Klassischen“
 []

[262]
Overfull \hbox (20.97548pt too wide) has occurred while \output is active
 \TU/lmr/m/n/9 16.1 DS-GE: Die Zweck-ehe zwi-schen „Neu-en Klas-si-kern“ und
 „Neu-Keynesianern“ []
 []

[263]
Overfull \hbox (5.65999pt too wide) in paragraph at lines 54--55
\TU/lmr/m/n/10 Ge-or-ge Aker-l-of nann-te die Phillips-Kurve (vgl. Ka-pi-tel 8.2
[]) in sei-ner Nobelpreis-
 []

[264]
Overfull \hbox (20.97548pt too wide) has occurred while \output is active
 \TU/lmr/m/n/9 16.1 DS-GE: Die Zweck-ehe zwi-schen „Neu-en Klas-si-kern“ und
 „Neu-Keynesianern“ []
 []

[265] [266]
Overfull \hbox (20.97548pt too wide) has occurred while \output is active
 \TU/lmr/m/n/9 16.1 DS-GE: Die Zweck-ehe zwi-schen „Neu-en Klas-si-kern“ und
 „Neu-Keynesianern“ []
 []

[267] [268]
Overfull \hbox (20.97548pt too wide) has occurred while \output is active
 \TU/lmr/m/n/9 16.1 DS-GE: Die Zweck-ehe zwi-schen „Neu-en Klas-si-kern“ und
 „Neu-Keynesianern“ []
 []

[269] [270]
Overfull \hbox (38.68001pt too wide) in paragraph at lines 113--114
[]\TU/lmr/m/n/10 Haus-hal-te: Die Agg-re-gier-te Nach-fra-ge wird mo-del-liert 
mit-tels „Neu-Keynesianischer
 []


Overfull \hbox (2.82pt too wide) in paragraph at lines 114--115
[]\TU/lmr/m/n/10 Un-ter-neh-men: Das Agg-re-gier-te An-ge-bot wird mit-tels 
„Neu-Keynesianischer
 []


Overfull \hbox (4.54997pt too wide) in paragraph at lines 115--116
[]\TU/lmr/m/n/10 Zen-tral-bank: De-ren Ver-hal-ten ist nicht mi-kro-fun-diert, 
aber Regel-gebunden:
 []


Overfull \hbox (20.97548pt too wide) has occurred while \output is active
 \TU/lmr/m/n/9 16.1 DS-GE: Die Zweck-ehe zwi-schen „Neu-en Klas-si-kern“ und
 „Neu-Keynesianern“ []
 []

[271] [272]
Overfull \hbox (20.97548pt too wide) has occurred while \output is active
 \TU/lmr/m/n/9 16.1 DS-GE: Die Zweck-ehe zwi-schen „Neu-en Klas-si-kern“ und
 „Neu-Keynesianern“ []
 []

[273] [274]
Overfull \hbox (20.97548pt too wide) has occurred while \output is active
 \TU/lmr/m/n/9 16.1 DS-GE: Die Zweck-ehe zwi-schen „Neu-en Klas-si-kern“ und
 „Neu-Keynesianern“ []
 []

[275] [276] [277] [278] [279] [280] [281] [282] [283]
Overfull \hbox (13.31001pt too wide) in paragraph at lines 196--197
[]\TU/lmr/m/n/10 Keyne-sia-nis-mus: Ob-wohl die DSGE-Modelle meist nur „Neu-Ke
ynesianische“-
 []


Overfull \hbox (11.04002pt too wide) in paragraph at lines 199--200
[]\TU/lmr/m/n/10 Neue Klas-si-sche Ma-kro-öko-no-mie: Zu-sam-men mit dem „Neu
-Keynesianismus“
 []

[284] [285] [286] [287] [288] [289] [290]) [291]
\openout2 = Teil_IV_A.aux
 (./Teil_IV_A.tex [292





]
[293] [294])
\openout2 = Kapitel_5_2b.aux
 (./Kapitel_5_2b.tex
Kapitel 17.
[295





] [296] [297] [298] [299] [300] [301] [302] [303] [304] [305] [306]
[307] [308] [309] [310] [311] [312] [313] [314] [315]
Overfull \hbox (3.3pt too wide) in paragraph at lines 89--90
\TU/lmr/m/n/10 al-lem was wir bis-her ana-ly-siert ha-ben, wä-re es bes-ser das
 Manager-Eigenkapital
 []

[316] [317] [318] [319] [320] [321] [322] [323] [324] [325] [326] [327]
[328] [329] [330] [331] [332] [333] [334] [335] [336] [337] [338] [339]
[340] [341] [342] [343]
Overfull \hbox (5.10002pt too wide) in paragraph at lines 185--186
[]\TU/lmr/m/n/10 Ins-ge-samt ist Daron Ace-mo-g-lu - nicht erst seit der Ver-lei
-hung des Ökonomie-
 []

) [344] [345]
\openout2 = Kapitel_5_2a.aux
 (./Kapitel_5_2a.tex [346





]
Kapitel 18.
[347] [348] [349] [350] [351] [352] [353] [354]
Overfull \hbox (24.91002pt too wide) in paragraph at lines 58--59
[]\TU/lmr/m/n/10 Als noch we-sent-lich re-le-van-te-rer Bei-trag er-wies sich al
-ler-dings das Medianwähler-
 []

[355] [356] [357] [358] [359] [360] [361] [362] [363] [364]
Overfull \hbox (51.96855pt too wide) has occurred while \output is active
 \TU/lmr/m/n/9 18.4 Al-ter-na-ti-ve An-sät-ze der Neu-en Po-li-ti-schen Öko-no
-mie: Ri-ker, Ol-son und die Ost-roms  []
 []

[365] [366]
Overfull \hbox (51.96855pt too wide) has occurred while \output is active
 \TU/lmr/m/n/9 18.4 Al-ter-na-ti-ve An-sät-ze der Neu-en Po-li-ti-schen Öko-no
-mie: Ri-ker, Ol-son und die Ost-roms  []
 []

[367] [368] [369] [370] [371] [372] [373] [374] [375] [376] [377] [378]
[379] [380] [381] [382] [383] [384] [385] [386] [387] [388] [389] [390])
[391]
\openout2 = Teil_V.aux
 (./Teil_V.tex [392





] [393] [394])
\openout2 = Kapitel_5_1.aux
 (./Kapitel_5_1.tex
Kapitel 19.
[395





]) [396]
\openout2 = Kapitel_5_1a.aux
 (./Kapitel_5_1a.tex
Kapitel 20.
[397





]) [398]
\openout2 = Kapitel_5_1b.aux
 (./Kapitel_5_1b.tex
Kapitel 21.
[399





] [400] [401] [402] [403] [404]) [405]
\openout2 = Kapitel_Neoliberal.aux
 (./Kapitel_Neoliberal.tex [406





]
Kapitel 22.
[407] [408] [409] [410] [411] [412] [413]) [414] [415]
\openout2 = Kapitel_5_3.aux
 (./Kapitel_5_3.tex
[416





]
Kapitel 23.
[417] [418]) [419]
\openout2 = Kapitel_4_6.aux
 (./Kapitel_4_6.tex [420





]
Kapitel 24.
) [421]
\openout2 = Teil_VI.aux
 (./Teil_VI.tex [422





] [423] [424])
\openout2 = Kapitel_4_5.aux
 (./Kapitel_4_5.tex
Kapitel 25.
[425





] [426]) [427]
\openout2 = Kapitel_6_2.aux
 (./Kapitel_6_2.tex [428





]
Kapitel 26.
) [429]
\openout2 = Kapitel_6_3.aux
 (./Kapitel_6_3.tex [430





]
Kapitel 27.
) [431]
\openout2 = Kapitel_6_4.aux
 (./Kapitel_6_4.tex [432





]
Kapitel 28.
) [433]
\openout2 = Kapitel_6_6.aux
 (./Kapitel_6_6.tex [434





]
Kapitel 29.
) [435]
\openout2 = Kapitel_6_7.aux
 (./Kapitel_6_7.tex [436





]
Kapitel 30.
) [437] [438




] [439] [440]
Overfull \hbox (3.11214pt too wide) in paragraph at lines 116--116
[][][]\TU/lmr/m/n/10 (1997). »  Fis-cal Ad-jus-t-ments in OECD Count-ries: Com-
po-si-ti-on and Macroe-
 []

[441] [442] [443] [444] [445] [446] [447]
Overfull \hbox (9.88933pt too wide) in paragraph at lines 116--116
[][][]\TU/lmr/m/n/10 (1991a). \TU/lmr/m/it/10 Ro-nald H. Coa-se - Bio-gra-phi-ca
l\TU/lmr/m/n/10 . Hrsg. von Nobel-Prize-Biographical.
 []

[448] [449] [450] [451] [452] [453] [454]
Overfull \hbox (3.29774pt too wide) in paragraph at lines 116--116
[][][]\TU/lmr/m/n/10 (1949). \TU/lmr/m/it/10 Mo-ne-ta-ry Theo-ry and Fis-cal Po-
li-cy\TU/lmr/m/n/10 . Hrsg. von Cam-bridge: McGraw-
 []

[455] [456]
Overfull \hbox (10.70996pt too wide) in paragraph at lines 116--116
[][]\TU/lmr/m/n/10 Hug-gett, Mark (1993). »  The Risk-Free Ra-te in Heterogeneo
us-Agent Incomplete-
 []

[457] [458]
Overfull \hbox (16.43993pt too wide) in paragraph at lines 116--116
[][]\TU/lmr/m/n/10 Kirz-ner, Is-ra-el (1967). »  Di-ver-gent Ap-proa-ches in Li
-ber-ta-ri-an Eco-no-mic Thougth«.
 []

[459] [460]
Overfull \hbox (9.75pt too wide) in paragraph at lines 116--116
\TU/lmtt/m/n/10 20211102093357 / http % 3A % 2F % 2Fwww . ggdc . net % 2Fmaddiso
n % 2Foriindex .
 []

[461] [462] [463] [464]
Overfull \hbox (23.03pt too wide) in paragraph at lines 116--116
\TU/lmtt/m/n/10 nobelprize . org / prizes / economic - sciences / 2009 / popular
 - information/$\TU/lmr/m/n/10 . 
 []

[465]
Overfull \hbox (12.43933pt too wide) in paragraph at lines 116--116
[][][]\TU/lmr/m/n/10 (1993). \TU/lmr/m/it/10 Dou-glass C. North - Bio-gra-phi-ca
l\TU/lmr/m/n/10 . Hrsg. von Nobel-Prize-Biographical.
 []

[466] [467] [468]
Overfull \hbox (6.37993pt too wide) in paragraph at lines 116--116
[][]\TU/lmr/m/n/10 Re-be-lo, Ser-gio (Ju-ni 1991). »  Long-Run Po-li-cy Ana-ly-
sis and Long-Run Growth«.
 []

[469]
Overfull \hbox (2.03pt too wide) in paragraph at lines 116--116
\TU/lmtt/m/n/10 https : / / www . aeaweb . org / articles ? id = 10 . 1257 / 002
205105775362014$\TU/lmr/m/n/10 . 
 []

[470] [471] [472] [473] [474]
Overfull \hbox (9.29935pt too wide) in paragraph at lines 116--116
[][][]\TU/lmr/m/n/10 (1987b). \TU/lmr/m/it/10 Ro-bert M. So-low - Bio-gra-phi-ca
l\TU/lmr/m/n/10 . Hrsg. von Nobel-Prize-Biographical.
 []


Overfull \hbox (4.63542pt too wide) in paragraph at lines 116--116
[][][]\TU/lmr/m/n/10 (2017). »  Whe-re Mo-dern Macroe-co-no-mics Went Wrong«. In: \TU/lmr/m/it/10 NBER Working
 []

[475]
Overfull \hbox (3.01883pt too wide) in paragraph at lines 116--116
[][][]\TU/lmr/m/n/10 (1993). »  Dis-cre-ti-on ver-sus Po-li-cy Ru-les in Prac-t
i-ce«. In: \TU/lmr/m/it/10 Carnegie-Rochester
 []

[476] [477] [478]
Overfull \hbox (21.18994pt too wide) in paragraph at lines 116--116
[][]\TU/lmr/m/n/10 Wi-scher-mann, Cle-mens (1993). »  Der Pro-per-ty–Rights
–An-satz und die ”neue”Wirt-
 []

No file Buch.ind.
[479] (./Buch.aux (./dedic.aux) (./pref.aux) (./Teil_I.aux) (./Kapitel_1_1.aux) (./Kapitel_1_2.aux) (./Kapitel_1_3.aux) (./Teil_II.aux) (./Kapitel_2_1.aux)
(./Kapitel_2_2.aux) (./Kapitel_2_3.aux) (./Teil_III.aux) (./Kapitel_3_1.aux)
(./Kapitel_3_2.aux) (./Kapitel_2_4.aux) (./Kapitel_3_4.aux) (./Kapitel_3_6.aux) (./Kapitel_3_7.aux) (./Teil_IV.aux) (./Kapitel_3_5.aux) (./Kapitel_4_1a.aux)
(./Kapitel_4_1.aux) (./Kapitel_4_4.aux) (./Teil_IV_A.aux) (./Kapitel_5_2b.aux)
(./Kapitel_5_2a.aux) (./Teil_V.aux) (./Kapitel_5_1.aux) (./Kapitel_5_1a.aux)
(./Kapitel_5_1b.aux) (./Kapitel_Neoliberal.aux) (./Kapitel_5_3.aux)
(./Kapitel_4_6.aux) (./Teil_VI.aux) (./Kapitel_4_5.aux) (./Kapitel_6_2.aux)
(./Kapitel_6_3.aux) (./Kapitel_6_4.aux) (./Kapitel_6_6.aux) (./Kapitel_6_7.aux))
Package logreq Info: Writing requests to 'Buch.run.xml'.

\openout1 = Buch.run.xml
)

Here is how much of LuaTeX's memory you used:
 31219 strings out of 478378
 305240,2373549 words of node,token memory allocated
 2293 words of node memory still in use:
   4 hlist, 1 vlist, 1 rule, 138 glue, 3 kern, 1 glyph, 287 attribute, 63 glue_s
pec, 145 attribute_list, 2 write nodes
   avail lists: 1:4,2:3678,3:2407,4:228,5:1434,6:993,7:24400,8:110,9:565,10:28,1
1:2714,12:2
 49576 multiletter control sequences out of 65536+600000
 55 fonts using 5743407 bytes
 84i,14n,77p,10526b,4756s stack positions out of 5000i,500n,10000p,200000b,80000s
<//?/c:/users/stefa/appdata/local/programs/miktex/fonts/opentype/public/lm/lmmon
o10-regular.otf><//?/c:/users/stefa/appdata/local/programs/miktex/fonts/opentype
/public/lm/lmroman10-bolditalic.otf><//?/c:/users/stefa/appdata/local/programs/m
iktex/fonts/opentype/public/lm/lmroman9-italic.otf><//?/c:/users/stefa/appdata/l
ocal/programs/miktex/fonts/opentype/public/lm/lmroman7-regular.otf><//?/c:/users
/stefa/appdata/local/programs/miktex/fonts/opentype/public/lm/lmroman10-bold.otf
><//?/c:/users/stefa/appdata/local/programs/miktex/fonts/opentype/public/lm/lmro
man9-regular.otf><//?/c:/users/stefa/appdata/local/programs/miktex/fonts/opentyp
e/public/lm/lmroman10-italic.otf><//?/c:/users/stefa/appdata/local/programs/mikt
ex/fonts/opentype/public/lm/lmromancaps10-regular.otf><//?/c:/users/stefa/appdat
a/local/programs/miktex/fonts/opentype/public/lm/lmroman10-regular.otf><//?/c:/u
sers/stefa/appdata/local/programs/miktex/fonts/opentype/public/lm/lmroman12-bold
.otf><//?/c:/users/stefa/appdata/local/programs/miktex/fonts/opentype/public/lm/
lmroman12-regular.otf><//?/c:/users/stefa/appdata/local/programs/miktex/fonts/op
entype/public/lm/lmroman17-regular.otf><C:/Users/stefa/AppData/Local/Programs/Mi
KTeX/fonts/type1/public/amsfonts/cm/cmmi10.pfb><C:/Users/stefa/AppData/Local/Pro
grams/MiKTeX/fonts/type1/public/amsfonts/cm/cmmi6.pfb><C:/Users/stefa/AppData/Lo
cal/Programs/MiKTeX/fonts/type1/public/amsfonts/cm/cmmi7.pfb><C:/Users/stefa/App
Data/Local/Programs/MiKTeX/fonts/type1/public/amsfonts/cm/cmmi9.pfb><C:/Users/st
efa/AppData/Local/Programs/MiKTeX/fonts/type1/public/amsfonts/cm/cmr10.pfb><C:/U
sers/stefa/AppData/Local/Programs/MiKTeX/fonts/type1/public/amsfonts/cm/cmr6.pfb
><C:/Users/stefa/AppData/Local/Programs/MiKTeX/fonts/type1/public/amsfonts/cm/cm
r7.pfb><C:/Users/stefa/AppData/Local/Programs/MiKTeX/fonts/type1/public/amsfonts
/cm/cmr9.pfb><C:/Users/stefa/AppData/Local/Programs/MiKTeX/fonts/type1/public/am
sfonts/cm/cmsy10.pfb><C:/Users/stefa/AppData/Local/Programs/MiKTeX/fonts/type1/p
ublic/amsfonts/cm/cmsy7.pfb><C:/Users/stefa/AppData/Local/Programs/MiKTeX/fonts/
type1/public/amsfonts/cm/cmsy9.pfb>
Output written on Buch.pdf (493 pages, 1921792 bytes).

PDF statistics: 1668 PDF objects out of 1728 (max. 8388607)
 0 named destinations out of 1000 (max. 131072)
 16 words of extra memory for PDF output out of 10000 (max. 100000000)

